04/27/2024 10:08:44 AM - INFO - start
04/27/2024 10:08:44 AM - INFO - create random_1m_FLAT successfully
04/27/2024 10:08:46 AM - INFO - Insert 0 costs 1.461
04/27/2024 10:08:48 AM - INFO - Insert 1 costs 1.742
04/27/2024 10:08:51 AM - INFO - Insert 2 costs 1.73
04/27/2024 10:08:53 AM - INFO - Insert 3 costs 1.694
04/27/2024 10:08:56 AM - INFO - Insert 4 costs 1.509
04/27/2024 10:08:58 AM - INFO - Insert 5 costs 1.461
04/27/2024 10:09:00 AM - INFO - Insert 6 costs 1.468
04/27/2024 10:09:03 AM - INFO - Insert 7 costs 1.527
04/27/2024 10:09:05 AM - INFO - Insert 8 costs 1.427
04/27/2024 10:09:07 AM - INFO - Insert 9 costs 1.629
04/27/2024 10:09:10 AM - INFO - Insert 10 costs 1.478
04/27/2024 10:09:12 AM - INFO - Insert 11 costs 1.706
04/27/2024 10:09:14 AM - INFO - Insert 12 costs 1.463
04/27/2024 10:09:18 AM - INFO - Insert 13 costs 2.247
04/27/2024 10:09:20 AM - INFO - Insert 14 costs 1.993
04/27/2024 10:09:23 AM - INFO - Insert 15 costs 1.885
04/27/2024 10:09:26 AM - INFO - Insert 16 costs 1.661
04/27/2024 10:09:29 AM - INFO - Insert 17 costs 1.628
04/27/2024 10:09:31 AM - INFO - Insert 18 costs 1.713
04/27/2024 10:09:34 AM - INFO - Insert 19 costs 1.419
04/27/2024 10:09:36 AM - INFO - collection entities: 1000000
04/27/2024 10:09:36 AM - INFO - Build index costs 0.005
04/27/2024 10:09:49 AM - INFO - collection prepare completed
