Params of go_benchmark: ['./benchmark', 'locust', '-u', '127.0.0.1:19530', '-q', 'search_vector_file.json', '-s', '{\n  "collection_name": "random_1m_FLAT",\n  "partition_names": [],\n  "fieldName": "embedding",\n  "index_type": "FLAT",\n  "metric_type": "L2",\n  "params": {\n    "sp_value": 64,\n    "dim": 128\n  },\n  "limit": 1,\n  "expr": null,\n  "output_fields": [],\n  "timeout": 600\n}', '-p', '10', '-f', 'json', '-t', '60', '-i', '20', '-l', 'go_log_file_FLAT.log']
[2024-04-23 13:51:51.423][   DEBUG] - GOMAXPROCS = 16(benchmark_run.go:35:benchmark)
[2024-04-23 13:52:11.423][    INFO] - Name      #   reqs      # fails  |       Avg       Min       Max    Median      TP99  |     req/s  failures/s (benchmark_run.go:215:sample)
[2024-04-23 13:52:11.423][    INFO] - go search      543     0(0.00%)  |   364.594   268.796  1467.769   327.043  1287.241  |     27.14        0.00 (benchmark_run.go:216:sample)
[2024-04-23 13:52:31.423][    INFO] - Name      #   reqs      # fails  |       Avg       Min       Max    Median      TP99  |     req/s  failures/s (benchmark_run.go:215:sample)
[2024-04-23 13:52:31.423][    INFO] - go search     1148     0(0.00%)  |   331.542   274.491   499.914   317.920   456.771  |     30.26        0.00 (benchmark_run.go:216:sample)
[2024-04-23 13:52:51.423][    INFO] - Name      #   reqs      # fails  |       Avg       Min       Max    Median      TP99  |     req/s  failures/s (benchmark_run.go:215:sample)
[2024-04-23 13:52:51.423][    INFO] - go search     1675     0(0.00%)  |   378.729   283.496   752.069   374.897   706.323  |     26.35        0.00 (benchmark_run.go:216:sample)
[2024-04-23 13:52:51.423][   DEBUG] - go search run finished, parallel: 10(benchmark_run.go:93:benchmark)
[2024-04-23 13:52:51.423][    INFO] - Name      #   reqs      # fails  |       Avg       Min       Max    Median      TP99  |     req/s  failures/s (benchmark_run.go:159:samplingLoop)
[2024-04-23 13:52:51.423][    INFO] - go search     1685     0(0.00%)  |   357.121   268.796  1467.769   333.724   695.528  |     27.92        0.00 (benchmark_run.go:160:samplingLoop)
[2024-04-27 10:11:32.427][   DEBUG] - GOMAXPROCS = 16(benchmark_run.go:35:benchmark)
[2024-04-27 10:11:52.427][    INFO] - Name      #   reqs      # fails  |       Avg       Min       Max    Median      TP99  |     req/s  failures/s (benchmark_run.go:215:sample)
[2024-04-27 10:11:52.427][    INFO] - go search      800     0(0.00%)  |   248.307    94.538   306.875   247.617   278.782  |     40.00        0.00 (benchmark_run.go:216:sample)
[2024-04-27 10:12:12.427][    INFO] - Name      #   reqs      # fails  |       Avg       Min       Max    Median      TP99  |     req/s  failures/s (benchmark_run.go:215:sample)
[2024-04-27 10:12:12.427][    INFO] - go search     1573     0(0.00%)  |   258.738   218.259   321.534   256.037   312.634  |     38.65        0.00 (benchmark_run.go:216:sample)
[2024-04-27 10:12:32.427][    INFO] - Name      #   reqs      # fails  |       Avg       Min       Max    Median      TP99  |     req/s  failures/s (benchmark_run.go:215:sample)
[2024-04-27 10:12:32.427][    INFO] - go search     2323     0(0.00%)  |   266.495   223.510   341.330   260.792   330.788  |     37.50        0.00 (benchmark_run.go:216:sample)
[2024-04-27 10:12:32.427][   DEBUG] - go search run finished, parallel: 10(benchmark_run.go:93:benchmark)
[2024-04-27 10:12:32.427][    INFO] - Name      #   reqs      # fails  |       Avg       Min       Max    Median      TP99  |     req/s  failures/s (benchmark_run.go:159:samplingLoop)
[2024-04-27 10:12:32.427][    INFO] - go search     2333     0(0.00%)  |   257.654    94.538   341.330   253.555   318.743  |     38.73        0.00 (benchmark_run.go:160:samplingLoop)
